<?xml version="1.0" encoding="UTF-8"?>
<!-- Generated by org.testng.reporters.JUnitReportReporter -->
<testsuite hostname="MSI" failures="0" tests="1" name="demoNG.Test2" time="0.000" errors="0" timestamp="2023-01-17T16:21:24 GMT+03:00" skipped="1">
  <testcase classname="demoNG.Test2" name="equalTest" time="0.000">
    <skipped/>
  </testcase> <!-- equalTest -->
  <system-out/>
</testsuite> <!-- demoNG.Test2 -->
